<?xml version="1.0" ?>
<coverage line-rate="0.5" version="7.4.0">
  <sources><source>/proyecto</source></sources>
  <packages>
    <package name="app" line-rate="0.5">
      <classes>
        <class name="views.py" filename="app/views.py" line-rate="0.5">
          <lines>
            <line number="1" hits="1"/>
            <line number="2" hits="0"/>
          </lines>
        </class>
        <class name="Helper" filename="app/views.py" line-rate="1.0">
          <lines>
            <line number="3" hits="2"/>
          </lines>
        </class>
      </classes>
    </package>
  </packages>
</coverage>
